<?xml version="1.0" encoding="UTF-8"?>
<testsuite name="Inicio de sesion en TheApp" tests="1" skipped="0" failures="1" errors="0" timestamp="2023-04-03T18:09:39" hostname="DESKTOP-L1405KV" time="0.588">
  <properties/>
  <testcase name="inicio de sesion exitoso" classname="Inicio de sesion en TheApp" time="0.588">
    <failure message="io.cucumber.junit.UndefinedStepException: The step 'que accedemos a la aplicacion TheApp' and 2 other step(s) are undefined.&#10;You can implement these steps using the snippet(s) below:&#10;&#10;@Given(&quot;que accedemos a la aplicacion TheApp&quot;)&#10;public void queAccedemosALaAplicacionTheApp() {&#10;    // Write code here that turns the phrase above into concrete actions&#10;    throw new io.cucumber.java.PendingException();&#10;}&#10;@When(&quot;seleccionamos la opcion LoginScreen e ingreso los dados&quot;)&#10;public void seleccionamosLaOpcionLoginScreenEIngresoLosDados() {&#10;    // Write code here that turns the phrase above into concrete actions&#10;    throw new io.cucumber.java.PendingException();&#10;}&#10;@Then(&quot;obtemos un mensaje de inicio de sesion exitoso&quot;)&#10;public void obtemosUnMensajeDeInicioDeSesionExitoso() {&#10;    // Write code here that turns the phrase above into concrete actions&#10;    throw new io.cucumber.java.PendingException();&#10;}&#10;" type="io.cucumber.junit.UndefinedStepException">io.cucumber.junit.UndefinedStepException: The step 'que accedemos a la aplicacion TheApp' and 2 other step(s) are undefined.
You can implement these steps using the snippet(s) below:

@Given(&quot;que accedemos a la aplicacion TheApp&quot;)
public void queAccedemosALaAplicacionTheApp() {
    // Write code here that turns the phrase above into concrete actions
    throw new io.cucumber.java.PendingException();
}
@When(&quot;seleccionamos la opcion LoginScreen e ingreso los dados&quot;)
public void seleccionamosLaOpcionLoginScreenEIngresoLosDados() {
    // Write code here that turns the phrase above into concrete actions
    throw new io.cucumber.java.PendingException();
}
@Then(&quot;obtemos un mensaje de inicio de sesion exitoso&quot;)
public void obtemosUnMensajeDeInicioDeSesionExitoso() {
    // Write code here that turns the phrase above into concrete actions
    throw new io.cucumber.java.PendingException();
}

</failure>
  </testcase>
  <system-out><![CDATA[]]></system-out>
  <system-err><![CDATA[]]></system-err>
</testsuite>
